* Starting client
* Connecting to master process on port 13282
* Analyzing classpath: 
  - C:\Users\maria\Documents\projeto real\jogamais\baralga\repository\api\target\classes
  - C:\Users\maria\.m2\repository\joda-time\joda-time\2.10.6\joda-time-2.10.6.jar
  - C:\Users\maria\.m2\repository\junit\junit\4.12\junit-4.12.jar
  - C:\Users\maria\.m2\repository\org\hamcrest\hamcrest-core\1.3\hamcrest-core-1.3.jar
* Finished analyzing classpath
* Generating tests for class org.remast.baralga.repository.ProjectVO
* Test criteria:
  - Line Coverage
  - Branch Coverage
  - Exception
  - Mutation testing (weak)
  - Method-Output Coverage
  - Top-Level Method Coverage
  - No-Exception Top-Level Method Coverage
  - Context Branch Coverage
* Setting up search algorithm for whole suite generation
[MASTER] 21:43:19.035 [pool-2-thread-1] WARN  TestSuiteSerialization - Cannot load tests because file does not exist: C:\Users\maria\Documents\projeto real\jogamais\baralga\repository\api\.evosuite\evosuite-seeds\org.remast.baralga.repository.ProjectVO.seed
* Loaded 0 tests from C:\Users\maria\Documents\projeto real\jogamais\baralga\repository\api\.evosuite\evosuite-seeds\org.remast.baralga.repository.ProjectVO.seed
* Total number of test goals: 
  - Line 19
  - Branch 9
  - Exception 0
  - MutationFactory 4
  - Output 11
  - Method 9
  - MethodNoException 9
  - CBranchFitnessFactory 9
* Using seed 1670892197482
* Starting evolution
* Search finished after 1s and 0 generations, 6208 statements, best individual has fitness: 1.0
* Writing sequences to pool
* Minimizing test suite
* Going to analyze the coverage criteria
* Coverage analysis for criterion LINE
* Coverage of criterion LINE: 100%
* Total number of goals: 19
* Number of covered goals: 19
* Coverage analysis for criterion BRANCH
* Coverage of criterion BRANCH: 100%
* Total number of goals: 9
* Number of covered goals: 9
* Coverage analysis for criterion EXCEPTION
* Coverage of criterion EXCEPTION: 100% (no goals)
* Coverage analysis for criterion WEAKMUTATION
* Coverage of criterion WEAKMUTATION: 100%
* Total number of goals: 4
* Number of covered goals: 4
* Coverage analysis for criterion OUTPUT
* Coverage of criterion OUTPUT: 100%
* Total number of goals: 11
* Number of covered goals: 11
* Coverage analysis for criterion METHOD
* Coverage of criterion METHOD: 100%
* Total number of goals: 9
* Number of covered goals: 9
* Coverage analysis for criterion METHODNOEXCEPTION
* Coverage of criterion METHODNOEXCEPTION: 100%
* Total number of goals: 9
* Number of covered goals: 9
* Coverage analysis for criterion CBRANCH
* Coverage of criterion CBRANCH: 100%
* Total number of goals: 9
* Number of covered goals: 9
* Generated 12 tests with total length 28
* Resulting test suite's coverage: 100% (average coverage for all fitness functions)
* Generating assertions
* Resulting test suite's mutation score: 64%
* Compiling and checking tests
* Writing JUnit test case 'ProjectVO_ESTest' to C:\Users\maria\Documents\projeto real\jogamais\baralga\repository\api\.evosuite\tmp_2022_12_12_21_42_02\tests
* Done!

