* Starting client
* Connecting to master process on port 14181
* Analyzing classpath: 
  - C:\Users\iago\Documents\UFCG\ES\refatoramentos\baralga\repository\rest\target\test-classes
  - C:\Users\iago\Documents\UFCG\ES\refatoramentos\baralga\repository\rest\target\classes
  - C:\Users\iago\Documents\UFCG\ES\refatoramentos\baralga\repository\api\target\classes
  - C:\Users\iago\.m2\repository\joda-time\joda-time\2.10.6\joda-time-2.10.6.jar
  - C:\Users\iago\.m2\repository\com\squareup\okhttp3\okhttp\4.10.0\okhttp-4.10.0.jar
  - C:\Users\iago\.m2\repository\com\squareup\okio\okio-jvm\3.0.0\okio-jvm-3.0.0.jar
  - C:\Users\iago\.m2\repository\org\jetbrains\kotlin\kotlin-stdlib-common\1.5.31\kotlin-stdlib-common-1.5.31.jar
  - C:\Users\iago\.m2\repository\org\jetbrains\kotlin\kotlin-stdlib\1.6.20\kotlin-stdlib-1.6.20.jar
  - C:\Users\iago\.m2\repository\org\jetbrains\annotations\13.0\annotations-13.0.jar
  - C:\Users\iago\.m2\repository\com\squareup\okhttp3\okhttp-urlconnection\4.10.0\okhttp-urlconnection-4.10.0.jar
  - C:\Users\iago\.m2\repository\org\jetbrains\kotlin\kotlin-stdlib-jdk8\1.6.10\kotlin-stdlib-jdk8-1.6.10.jar
  - C:\Users\iago\.m2\repository\org\jetbrains\kotlin\kotlin-stdlib-jdk7\1.6.10\kotlin-stdlib-jdk7-1.6.10.jar
  - C:\Users\iago\.m2\repository\com\squareup\okhttp3\mockwebserver\4.10.0\mockwebserver-4.10.0.jar
  - C:\Users\iago\.m2\repository\org\junit\jupiter\junit-jupiter-engine\5.9.0\junit-jupiter-engine-5.9.0.jar
  - C:\Users\iago\.m2\repository\org\junit\platform\junit-platform-engine\1.9.0\junit-platform-engine-1.9.0.jar
  - C:\Users\iago\.m2\repository\org\opentest4j\opentest4j\1.2.0\opentest4j-1.2.0.jar
  - C:\Users\iago\.m2\repository\org\junit\platform\junit-platform-commons\1.9.0\junit-platform-commons-1.9.0.jar
  - C:\Users\iago\.m2\repository\org\junit\jupiter\junit-jupiter-api\5.9.0\junit-jupiter-api-5.9.0.jar
  - C:\Users\iago\.m2\repository\org\apiguardian\apiguardian-api\1.1.2\apiguardian-api-1.1.2.jar
  - C:\Users\iago\.m2\repository\com\fasterxml\jackson\core\jackson-databind\2.13.4\jackson-databind-2.13.4.jar
  - C:\Users\iago\.m2\repository\com\fasterxml\jackson\core\jackson-annotations\2.13.4\jackson-annotations-2.13.4.jar
  - C:\Users\iago\.m2\repository\com\fasterxml\jackson\core\jackson-core\2.13.4\jackson-core-2.13.4.jar
  - C:\Users\iago\.m2\repository\junit\junit\4.12\junit-4.12.jar
  - C:\Users\iago\.m2\repository\org\hamcrest\hamcrest-core\1.3\hamcrest-core-1.3.jar
[MASTER] 10:40:48.725 [pool-2-thread-1] WARN  TestUsageChecker - class okhttp3.internal.connection.RealCall$timeout$1 looks like an anonymous class, ignoring it (although reflection says false) timeout$1
[MASTER] 10:40:49.540 [pool-2-thread-1] WARN  TestUsageChecker - class okhttp3.internal.connection.RealConnectionPool$cleanupTask$1 looks like an anonymous class, ignoring it (although reflection says false) cleanupTask$1
* Finished analyzing classpath
* Generating tests for class org.remast.baralga.repository.GzipInterceptor
* Test criteria:
  - Line Coverage
  - Branch Coverage
  - Exception
  - Mutation testing (weak)
  - Method-Output Coverage
  - Top-Level Method Coverage
  - No-Exception Top-Level Method Coverage
  - Context Branch Coverage
* Setting up search algorithm for whole suite generation
* Loaded 4 tests from C:\Users\iago\Documents\UFCG\ES\refatoramentos\baralga\repository\rest\.evosuite\evosuite-seeds\org.remast.baralga.repository.GzipInterceptor.seed
* Total number of test goals: 
  - Line 22
  - Branch 9
  - Exception 0
  - MutationFactory 15
  - Output 23
  - Method 2
  - MethodNoException 2
  - CBranchFitnessFactory 9
* Using seed 1671280844366
* Starting evolution
[MASTER] 10:40:50.328 [pool-2-thread-1] WARN  TimeController - Phase INITIALIZATION lasted too long, 0 seconds more than allowed.
* Search finished after 36s and 400 generations, 25035 statements, best individual has fitness: 86.45238095238095
* Writing sequences to pool
* Minimizing test suite
* Going to analyze the coverage criteria
* Coverage analysis for criterion LINE
* Coverage of criterion LINE: 9%
* Total number of goals: 22
* Number of covered goals: 2
* Coverage analysis for criterion BRANCH
* Coverage of criterion BRANCH: 11%
* Total number of goals: 9
* Number of covered goals: 1
* Coverage analysis for criterion EXCEPTION
* Coverage of criterion EXCEPTION: 100%
* Total number of goals: 1
* Number of covered goals: 1
* Coverage analysis for criterion WEAKMUTATION
* Coverage of criterion WEAKMUTATION: 0%
* Total number of goals: 15
* Number of covered goals: 0
* Coverage analysis for criterion OUTPUT
* Coverage of criterion OUTPUT: 0%
* Total number of goals: 23
* Number of covered goals: 0
* Coverage analysis for criterion METHOD
* Coverage of criterion METHOD: 100%
* Total number of goals: 2
* Number of covered goals: 2
* Coverage analysis for criterion METHODNOEXCEPTION
* Coverage of criterion METHODNOEXCEPTION: 50%
* Total number of goals: 2
* Number of covered goals: 1
* Coverage analysis for criterion CBRANCH
* Coverage of criterion CBRANCH: 11%
* Total number of goals: 9
* Number of covered goals: 1
* Generated 1 tests with total length 2
* Resulting test suite's coverage: 35% (average coverage for all fitness functions)
* Generating assertions
* Resulting test suite's mutation score: 0%
* Compiling and checking tests
* Permissions denied during test execution: 
  - java.lang.RuntimePermission: 
         loadLibrary.sunmscapi: 1
* Writing JUnit test case 'GzipInterceptor_ESTest' to C:\Users\iago\Documents\UFCG\ES\refatoramentos\baralga\repository\rest\.evosuite\tmp_2022_12_17_10_38_32\tests
* Done!

