* Starting client
* Connecting to master process on port 8492
* Analyzing classpath: 
  - C:\Users\maria\Documents\projeto real\jogamais\baralga\repository\rest\target\classes
  - C:\Users\maria\Documents\projeto real\jogamais\baralga\repository\api\target\classes
  - C:\Users\maria\.m2\repository\joda-time\joda-time\2.10.6\joda-time-2.10.6.jar
  - C:\Users\maria\.m2\repository\com\squareup\okhttp3\okhttp\4.10.0\okhttp-4.10.0.jar
  - C:\Users\maria\.m2\repository\com\squareup\okio\okio-jvm\3.0.0\okio-jvm-3.0.0.jar
  - C:\Users\maria\.m2\repository\org\jetbrains\kotlin\kotlin-stdlib-common\1.5.31\kotlin-stdlib-common-1.5.31.jar
  - C:\Users\maria\.m2\repository\org\jetbrains\kotlin\kotlin-stdlib\1.6.20\kotlin-stdlib-1.6.20.jar
  - C:\Users\maria\.m2\repository\org\jetbrains\annotations\13.0\annotations-13.0.jar
  - C:\Users\maria\.m2\repository\com\squareup\okhttp3\okhttp-urlconnection\4.10.0\okhttp-urlconnection-4.10.0.jar
  - C:\Users\maria\.m2\repository\org\jetbrains\kotlin\kotlin-stdlib-jdk8\1.6.10\kotlin-stdlib-jdk8-1.6.10.jar
  - C:\Users\maria\.m2\repository\org\jetbrains\kotlin\kotlin-stdlib-jdk7\1.6.10\kotlin-stdlib-jdk7-1.6.10.jar
  - C:\Users\maria\.m2\repository\com\squareup\okhttp3\mockwebserver\4.10.0\mockwebserver-4.10.0.jar
  - C:\Users\maria\.m2\repository\org\junit\jupiter\junit-jupiter-engine\5.9.0\junit-jupiter-engine-5.9.0.jar
  - C:\Users\maria\.m2\repository\org\junit\platform\junit-platform-engine\1.9.0\junit-platform-engine-1.9.0.jar
  - C:\Users\maria\.m2\repository\org\opentest4j\opentest4j\1.2.0\opentest4j-1.2.0.jar
  - C:\Users\maria\.m2\repository\org\junit\platform\junit-platform-commons\1.9.0\junit-platform-commons-1.9.0.jar
  - C:\Users\maria\.m2\repository\org\junit\jupiter\junit-jupiter-api\5.9.0\junit-jupiter-api-5.9.0.jar
  - C:\Users\maria\.m2\repository\org\apiguardian\apiguardian-api\1.1.2\apiguardian-api-1.1.2.jar
  - C:\Users\maria\.m2\repository\com\fasterxml\jackson\core\jackson-databind\2.13.4\jackson-databind-2.13.4.jar
  - C:\Users\maria\.m2\repository\com\fasterxml\jackson\core\jackson-annotations\2.13.4\jackson-annotations-2.13.4.jar
  - C:\Users\maria\.m2\repository\com\fasterxml\jackson\core\jackson-core\2.13.4\jackson-core-2.13.4.jar
  - C:\Users\maria\.m2\repository\junit\junit\4.12\junit-4.12.jar
  - C:\Users\maria\.m2\repository\org\hamcrest\hamcrest-core\1.3\hamcrest-core-1.3.jar
* Finished analyzing classpath
* Generating tests for class org.remast.baralga.repository.BaralgaRestRepository
* Test criteria:
  - Line Coverage
  - Branch Coverage
  - Exception
  - Mutation testing (weak)
  - Method-Output Coverage
  - Top-Level Method Coverage
  - No-Exception Top-Level Method Coverage
  - Context Branch Coverage
* Setting up search algorithm for whole suite generation
[MASTER] 21:45:32.253 [pool-2-thread-1] WARN  TestSuiteSerialization - Cannot load tests because file does not exist: C:\Users\maria\Documents\projeto real\jogamais\baralga\repository\rest\.evosuite\evosuite-seeds\org.remast.baralga.repository.BaralgaRestRepository.seed
* Loaded 0 tests from C:\Users\maria\Documents\projeto real\jogamais\baralga\repository\rest\.evosuite\evosuite-seeds\org.remast.baralga.repository.BaralgaRestRepository.seed
* Total number of test goals: 
  - Line 240
  - Branch 199
  - Exception 0
  - MutationFactory 202
  - Output 63
  - Method 21
  - MethodNoException 21
  - CBranchFitnessFactory 199
* Using seed 1670892321931
* Starting evolution
* Search finished after 91s and 237 generations, 51168 statements, best individual has fitness: 1146.027129859388
* Writing sequences to pool
* Minimizing test suite
* Going to analyze the coverage criteria
* Coverage analysis for criterion LINE
* Coverage of criterion LINE: 19%
* Total number of goals: 240
* Number of covered goals: 46
* Coverage analysis for criterion BRANCH
* Coverage of criterion BRANCH: 8%
* Total number of goals: 199
* Number of covered goals: 15
* Coverage analysis for criterion EXCEPTION
* Coverage of criterion EXCEPTION: 100%
* Total number of goals: 30
* Number of covered goals: 30
* Coverage analysis for criterion WEAKMUTATION
* Coverage of criterion WEAKMUTATION: 9%
* Total number of goals: 202
* Number of covered goals: 19
* Coverage analysis for criterion OUTPUT
* Coverage of criterion OUTPUT: 25%
* Total number of goals: 63
* Number of covered goals: 16
* Coverage analysis for criterion METHOD
* Coverage of criterion METHOD: 100%
* Total number of goals: 21
* Number of covered goals: 21
* Coverage analysis for criterion METHODNOEXCEPTION
* Coverage of criterion METHODNOEXCEPTION: 43%
* Total number of goals: 21
* Number of covered goals: 9
* Coverage analysis for criterion CBRANCH
* Coverage of criterion CBRANCH: 8%
* Total number of goals: 199
* Number of covered goals: 15
* Generated 37 tests with total length 101
* Resulting test suite's coverage: 39% (average coverage for all fitness functions)
* Generating assertions
* Resulting test suite's mutation score: 2%
* Compiling and checking tests
* Permissions denied during test execution: 
  - java.lang.RuntimePermission: 
         loadLibrary.sunmscapi: 1
* Writing JUnit test case 'BaralgaRestRepository_ESTest' to C:\Users\maria\Documents\projeto real\jogamais\baralga\repository\rest\.evosuite\tmp_2022_12_12_21_45_18\tests
* Done!

